nohup: ignoring input
2022-03-20 15:18:49.128392: W tensorflow/stream_executor/platform/default/dso_loader.cc:64] Could not load dynamic library 'libcudart.so.11.0'; dlerror: libcudart.so.11.0: cannot open shared object file: No such file or directory; LD_LIBRARY_PATH: /home/pc178/miniconda3/envs/jax/lib:
WARNING:absl:No GPU/TPU found, falling back to CPU. (Set TF_CPP_MIN_LOG_LEVEL=0 and rerun for more info.)
Loss step 0:  1847.822735046429
Loss step 10:  447.96271207301385
Loss step 20:  130.1094101235639
Loss step 30:  79.56005337898397
Loss step 40:  57.08990124850792
Loss step 50:  40.49910975414416
Loss step 60:  27.70182310925837
Loss step 70:  24.081996708418234
Loss step 80:  21.12856885321736
Loss step 90:  19.18231681687451
Loss step 100:  16.636256669123917
Loss step 110:  13.781797215384936
Loss step 120:  11.383323856959903
Loss step 130:  10.096541110627355
Loss step 140:  9.34278137236281
Loss step 150:  8.819058125505698
Loss step 160:  8.411763429329014
Loss step 170:  8.064318808105641
Traceback (most recent call last):
  File "/home/pc178/project/pod_burger/NM_train.py", line 163, in <module>
    loss_val, grads = loss_grad_fn(params, u_train)
  File "/home/pc178/miniconda3/envs/jax/lib/python3.10/site-packages/jax/_src/traceback_util.py", line 162, in reraise_with_filtered_traceback
    return fun(*args, **kwargs)
  File "/home/pc178/miniconda3/envs/jax/lib/python3.10/site-packages/jax/_src/api.py", line 952, in value_and_grad_f
    ans, vjp_py = _vjp(f_partial, *dyn_args, reduce_axes=reduce_axes)
  File "/home/pc178/miniconda3/envs/jax/lib/python3.10/site-packages/jax/_src/api.py", line 2408, in _vjp
    out_primal, out_vjp = ad.vjp(
  File "/home/pc178/miniconda3/envs/jax/lib/python3.10/site-packages/jax/interpreters/ad.py", line 119, in vjp
    out_primals, pvals, jaxpr, consts = linearize(traceable, *primals)
  File "/home/pc178/miniconda3/envs/jax/lib/python3.10/site-packages/jax/interpreters/ad.py", line 106, in linearize
    jaxpr, out_pvals, consts = pe.trace_to_jaxpr(jvpfun_flat, in_pvals)
  File "/home/pc178/miniconda3/envs/jax/lib/python3.10/site-packages/jax/_src/profiler.py", line 206, in wrapper
    return func(*args, **kwargs)
  File "/home/pc178/miniconda3/envs/jax/lib/python3.10/site-packages/jax/interpreters/partial_eval.py", line 592, in trace_to_jaxpr
    jaxpr, (out_pvals, consts, env) = fun.call_wrapped(pvals)
  File "/home/pc178/miniconda3/envs/jax/lib/python3.10/site-packages/jax/linear_util.py", line 166, in call_wrapped
    ans = self.f(*args, **dict(self.params, **kwargs))
  File "/home/pc178/miniconda3/envs/jax/lib/python3.10/site-packages/jax/_src/traceback_util.py", line 162, in reraise_with_filtered_traceback
    return fun(*args, **kwargs)
  File "/home/pc178/miniconda3/envs/jax/lib/python3.10/site-packages/jax/_src/api.py", line 432, in cache_miss
    out_flat = xla.xla_call(
  File "/home/pc178/miniconda3/envs/jax/lib/python3.10/site-packages/jax/core.py", line 1709, in bind
    return call_bind(self, fun, *args, **params)
  File "/home/pc178/miniconda3/envs/jax/lib/python3.10/site-packages/jax/core.py", line 1721, in call_bind
    outs = top_trace.process_call(primitive, fun, tracers, params)
  File "/home/pc178/miniconda3/envs/jax/lib/python3.10/site-packages/jax/interpreters/ad.py", line 331, in process_call
    result = call_primitive.bind(f_jvp, *primals, *nonzero_tangents, **new_params)
  File "/home/pc178/miniconda3/envs/jax/lib/python3.10/site-packages/jax/core.py", line 1709, in bind
    return call_bind(self, fun, *args, **params)
  File "/home/pc178/miniconda3/envs/jax/lib/python3.10/site-packages/jax/core.py", line 1721, in call_bind
    outs = top_trace.process_call(primitive, fun, tracers, params)
  File "/home/pc178/miniconda3/envs/jax/lib/python3.10/site-packages/jax/interpreters/partial_eval.py", line 207, in process_call
    out = primitive.bind(f, *in_consts, **const_params)
  File "/home/pc178/miniconda3/envs/jax/lib/python3.10/site-packages/jax/core.py", line 1709, in bind
    return call_bind(self, fun, *args, **params)
  File "/home/pc178/miniconda3/envs/jax/lib/python3.10/site-packages/jax/core.py", line 1721, in call_bind
    outs = top_trace.process_call(primitive, fun, tracers, params)
  File "/home/pc178/miniconda3/envs/jax/lib/python3.10/site-packages/jax/core.py", line 614, in process_call
    return primitive.impl(f, *tracers, **params)
  File "/home/pc178/miniconda3/envs/jax/lib/python3.10/site-packages/jax/_src/dispatch.py", line 145, in _xla_call_impl
    out = compiled_fun(*args)
  File "/home/pc178/miniconda3/envs/jax/lib/python3.10/site-packages/jax/_src/dispatch.py", line 444, in _execute_compiled
    out_bufs = compiled.execute(input_bufs)
KeyboardInterrupt
